<?xml version="1.0" encoding="UTF-8"?>
<testng-results ignored="0" total="1" passed="1" failed="0" skipped="0">
  <reporter-output>
  </reporter-output>
  <suite started-at="2022-02-01T09:00:25 IST" name="Default suite" finished-at="2022-02-01T09:00:25 IST" duration-ms="86">
    <groups>
    </groups>
    <test started-at="2022-02-01T09:00:25 IST" name="Default test" finished-at="2022-02-01T09:00:25 IST" duration-ms="86">
      <class name="com.TestNG_Features.Soft_Assert1">
        <test-method signature="Soft_AssertMethod()[pri:0, instance:com.TestNG_Features.Soft_Assert1@2e55dd0c]" started-at="2022-02-01T09:00:25 IST" name="Soft_AssertMethod" finished-at="2022-02-01T09:00:25 IST" duration-ms="21" status="PASS">
          <reporter-output>
          </reporter-output>
        </test-method> <!-- Soft_AssertMethod -->
      </class> <!-- com.TestNG_Features.Soft_Assert1 -->
    </test> <!-- Default test -->
  </suite> <!-- Default suite -->
</testng-results>
